[0.301s] DEBUG:colcon:Command line arguments: ['/home/dark/.local/bin/colcon', 'build']
[0.301s] DEBUG:colcon:Parsed command line arguments: Namespace(ament_cmake_args=None, base_paths=['.'], build_base='build', catkin_cmake_args=None, catkin_skip_building_tests=False, cmake_args=None, cmake_clean_cache=False, cmake_clean_first=False, cmake_force_configure=False, cmake_target=None, cmake_target_skip_unavailable=False, continue_on_error=False, event_handlers=None, executor='parallel', ignore_user_meta=False, install_base='install', log_base=None, log_level=None, main=<bound method BuildVerb.main of <colcon_core.verb.build.BuildVerb object at 0x7f0c3e838370>>, merge_install=False, metas=['./colcon.meta'], packages_above=None, packages_above_and_dependencies=None, packages_above_depth=None, packages_end=None, packages_ignore=None, packages_ignore_regex=None, packages_select=None, packages_select_build_failed=False, packages_select_by_dep=None, packages_select_regex=None, packages_select_test_failures=False, packages_skip=None, packages_skip_build_finished=False, packages_skip_by_dep=None, packages_skip_regex=None, packages_skip_test_passed=False, packages_skip_up_to=None, packages_start=None, packages_up_to=None, packages_up_to_regex=None, parallel_workers=16, paths=None, symlink_install=False, test_result_base=None, verb_extension=<colcon_core.verb.build.BuildVerb object at 0x7f0c3e838370>, verb_name='build', verb_parser=<colcon_defaults.argument_parser.defaults.DefaultArgumentsDecorator object at 0x7f0c3e8388b0>)
[0.313s] Level 1:colcon.colcon_core.package_discovery:discover_packages(colcon_meta) check parameters
[0.313s] Level 1:colcon.colcon_core.package_discovery:discover_packages(recursive) check parameters
[0.313s] Level 1:colcon.colcon_core.package_discovery:discover_packages(ignore) check parameters
[0.313s] Level 1:colcon.colcon_core.package_discovery:discover_packages(path) check parameters
[0.313s] Level 1:colcon.colcon_core.package_discovery:discover_packages(colcon_meta) discover
[0.313s] Level 1:colcon.colcon_core.package_discovery:discover_packages(recursive) discover
[0.314s] INFO:colcon.colcon_core.package_discovery:Crawling recursively for packages in '/home/dark/sources/dart'
[0.314s] Level 1:colcon.colcon_core.package_identification:_identify(.) by extensions ['ignore', 'ignore_ament_install']
[0.314s] Level 1:colcon.colcon_core.package_identification:_identify(.) by extension 'ignore'
[0.314s] Level 1:colcon.colcon_core.package_identification:_identify(.) by extension 'ignore_ament_install'
[0.314s] Level 1:colcon.colcon_core.package_identification:_identify(.) by extensions ['colcon_pkg']
[0.314s] Level 1:colcon.colcon_core.package_identification:_identify(.) by extension 'colcon_pkg'
[0.314s] INFO:colcon.colcon_metadata.metadata.colcon_pkg:Setting name 'DART' of package '.' from colcon.pkg
[0.314s] DEBUG:colcon.colcon_core.package_identification:Package '.' with type 'None' and name 'DART'
[0.314s] Level 1:colcon.colcon_core.package_identification:_identify(.) by extensions ['colcon_meta']
[0.315s] Level 1:colcon.colcon_core.package_identification:_identify(.) by extension 'colcon_meta'
[0.315s] Level 1:colcon.colcon_core.package_identification:_identify(.) by extensions ['ros']
[0.315s] Level 1:colcon.colcon_core.package_identification:_identify(.) by extension 'ros'
[0.332s] DEBUG:colcon.colcon_core.package_identification:Package '.' with type 'ros.cmake' and name 'DART'
[0.332s] Level 1:colcon.colcon_core.package_discovery:discover_packages(recursive) using defaults
[0.332s] Level 1:colcon.colcon_core.package_discovery:discover_packages(ignore) discover
[0.332s] Level 1:colcon.colcon_core.package_discovery:discover_packages(ignore) using defaults
[0.332s] Level 1:colcon.colcon_core.package_discovery:discover_packages(path) discover
[0.332s] Level 1:colcon.colcon_core.package_discovery:discover_packages(path) using defaults
[0.353s] INFO:colcon.colcon_metadata.metadata.colcon_pkg:Updating descriptor of package '.' from colcon.pkg: {'name': 'DART', 'dependencies': ['BULLET_PHYSICS', 'ODE']}
[0.360s] Level 5:colcon.colcon_core.verb:set package 'DART' build argument 'cmake_args' from command line to 'None'
[0.360s] Level 5:colcon.colcon_core.verb:set package 'DART' build argument 'cmake_target' from command line to 'None'
[0.361s] Level 5:colcon.colcon_core.verb:set package 'DART' build argument 'cmake_target_skip_unavailable' from command line to 'False'
[0.361s] Level 5:colcon.colcon_core.verb:set package 'DART' build argument 'cmake_clean_cache' from command line to 'False'
[0.361s] Level 5:colcon.colcon_core.verb:set package 'DART' build argument 'cmake_clean_first' from command line to 'False'
[0.361s] Level 5:colcon.colcon_core.verb:set package 'DART' build argument 'cmake_force_configure' from command line to 'False'
[0.361s] Level 5:colcon.colcon_core.verb:set package 'DART' build argument 'ament_cmake_args' from command line to 'None'
[0.361s] Level 5:colcon.colcon_core.verb:set package 'DART' build argument 'catkin_cmake_args' from command line to 'None'
[0.361s] Level 5:colcon.colcon_core.verb:set package 'DART' build argument 'catkin_skip_building_tests' from command line to 'False'
[0.361s] DEBUG:colcon.colcon_core.verb:Building package 'DART' with the following arguments: {'ament_cmake_args': None, 'build_base': '/home/dark/sources/dart/build/DART', 'catkin_cmake_args': None, 'catkin_skip_building_tests': False, 'cmake_args': None, 'cmake_clean_cache': False, 'cmake_clean_first': False, 'cmake_force_configure': False, 'cmake_target': None, 'cmake_target_skip_unavailable': False, 'install_base': '/home/dark/sources/dart/install/DART', 'merge_install': False, 'path': '/home/dark/sources/dart', 'symlink_install': False, 'test_result_base': None}
[0.362s] INFO:colcon.colcon_core.executor:Executing jobs using 'parallel' executor
[0.370s] DEBUG:colcon.colcon_parallel_executor.executor.parallel:run_until_complete
[0.370s] INFO:colcon.colcon_ros.task.cmake.build:Building ROS package in '/home/dark/sources/dart' with build type 'cmake'
[0.370s] INFO:colcon.colcon_cmake.task.cmake.build:Building CMake package in '/home/dark/sources/dart'
[0.378s] INFO:colcon.colcon_core.plugin_system:Skipping extension 'colcon_core.shell.bat': Not used on non-Windows systems
[0.378s] INFO:colcon.colcon_core.shell:Skip shell extension 'powershell' for command environment: Not usable outside of PowerShell
[0.378s] DEBUG:colcon.colcon_core.shell:Skip shell extension 'dsv' for command environment
[0.386s] DEBUG:colcon.colcon_core.event_handler.log_command:Invoking command in '/home/dark/sources/dart/build/DART': /usr/bin/cmake /home/dark/sources/dart -DCMAKE_INSTALL_PREFIX=/home/dark/sources/dart/install/DART
[4.069s] DEBUG:colcon.colcon_core.event_handler.log_command:Invoked command in '/home/dark/sources/dart/build/DART' returned '0': /usr/bin/cmake /home/dark/sources/dart -DCMAKE_INSTALL_PREFIX=/home/dark/sources/dart/install/DART
[4.070s] DEBUG:colcon.colcon_core.event_handler.log_command:Invoking command in '/home/dark/sources/dart/build/DART': /usr/bin/cmake --build /home/dark/sources/dart/build/DART -- -j16 -l16
[324.203s] DEBUG:colcon.colcon_core.event_handler.log_command:Invoked command in '/home/dark/sources/dart/build/DART' returned '0': /usr/bin/cmake --build /home/dark/sources/dart/build/DART -- -j16 -l16
[324.377s] DEBUG:colcon.colcon_core.event_handler.log_command:Invoking command in '/home/dark/sources/dart/build/DART': /usr/bin/cmake --install /home/dark/sources/dart/build/DART
[324.610s] DEBUG:colcon.colcon_core.event_handler.log_command:Invoked command in '/home/dark/sources/dart/build/DART' returned '0': /usr/bin/cmake --install /home/dark/sources/dart/build/DART
[324.765s] Level 1:colcon.colcon_core.shell:create_environment_hook('DART', 'pkg_config_path')
[324.792s] INFO:colcon.colcon_core.shell:Creating environment hook '/home/dark/sources/dart/install/DART/share/DART/hook/pkg_config_path.ps1'
[324.807s] INFO:colcon.colcon_core.shell:Creating environment descriptor '/home/dark/sources/dart/install/DART/share/DART/hook/pkg_config_path.dsv'
[324.809s] INFO:colcon.colcon_core.shell:Creating environment hook '/home/dark/sources/dart/install/DART/share/DART/hook/pkg_config_path.sh'
[324.815s] Level 1:colcon.colcon_core.shell:create_environment_hook('DART', 'pkg_config_path_multiarch')
[324.818s] INFO:colcon.colcon_core.shell:Creating environment hook '/home/dark/sources/dart/install/DART/share/DART/hook/pkg_config_path_multiarch.ps1'
[324.819s] INFO:colcon.colcon_core.shell:Creating environment descriptor '/home/dark/sources/dart/install/DART/share/DART/hook/pkg_config_path_multiarch.dsv'
[324.819s] INFO:colcon.colcon_core.shell:Creating environment hook '/home/dark/sources/dart/install/DART/share/DART/hook/pkg_config_path_multiarch.sh'
[324.820s] Level 1:colcon.colcon_core.environment:create_environment_scripts_only(DART)
[324.842s] Level 1:colcon.colcon_core.environment:checking '/home/dark/sources/dart/install/DART' for CMake module files
[324.843s] Level 1:colcon.colcon_core.environment:checking '/home/dark/sources/dart/install/DART' for CMake config files
[324.844s] Level 1:colcon.colcon_core.shell:create_environment_hook('DART', 'cmake_prefix_path')
[324.847s] INFO:colcon.colcon_core.shell:Creating environment hook '/home/dark/sources/dart/install/DART/share/DART/hook/cmake_prefix_path.ps1'
[324.847s] INFO:colcon.colcon_core.shell:Creating environment descriptor '/home/dark/sources/dart/install/DART/share/DART/hook/cmake_prefix_path.dsv'
[324.848s] INFO:colcon.colcon_core.shell:Creating environment hook '/home/dark/sources/dart/install/DART/share/DART/hook/cmake_prefix_path.sh'
[324.850s] Level 1:colcon.colcon_core.environment:checking '/home/dark/sources/dart/install/DART/lib'
[324.850s] Level 1:colcon.colcon_core.shell:create_environment_hook('DART', 'ld_library_path_lib')
[324.853s] INFO:colcon.colcon_core.shell:Creating environment hook '/home/dark/sources/dart/install/DART/share/DART/hook/ld_library_path_lib.ps1'
[324.853s] INFO:colcon.colcon_core.shell:Creating environment descriptor '/home/dark/sources/dart/install/DART/share/DART/hook/ld_library_path_lib.dsv'
[324.854s] INFO:colcon.colcon_core.shell:Creating environment hook '/home/dark/sources/dart/install/DART/share/DART/hook/ld_library_path_lib.sh'
[324.854s] Level 1:colcon.colcon_core.environment:checking '/home/dark/sources/dart/install/DART/bin'
[324.854s] Level 1:colcon.colcon_core.environment:checking '/home/dark/sources/dart/install/DART/lib/pkgconfig/DART.pc'
[324.855s] Level 1:colcon.colcon_core.environment:checking '/home/dark/sources/dart/install/DART/lib/python3.8/site-packages'
[324.858s] INFO:colcon.colcon_core.shell:Creating package script '/home/dark/sources/dart/install/DART/share/DART/package.ps1'
[324.859s] INFO:colcon.colcon_core.shell:Creating package descriptor '/home/dark/sources/dart/install/DART/share/DART/package.dsv'
[324.860s] INFO:colcon.colcon_core.shell:Creating package script '/home/dark/sources/dart/install/DART/share/DART/package.sh'
[324.861s] INFO:colcon.colcon_core.shell:Creating package script '/home/dark/sources/dart/install/DART/share/DART/package.bash'
[324.862s] INFO:colcon.colcon_core.shell:Creating package script '/home/dark/sources/dart/install/DART/share/DART/package.zsh'
[324.863s] Level 1:colcon.colcon_core.environment:create_file_with_runtime_dependencies(/home/dark/sources/dart/install/DART/share/colcon-core/packages/DART)
[324.867s] DEBUG:colcon.colcon_parallel_executor.executor.parallel:closing loop
[324.869s] DEBUG:colcon.colcon_parallel_executor.executor.parallel:loop closed
[324.869s] DEBUG:colcon.colcon_parallel_executor.executor.parallel:run_until_complete finished with '0'
[324.869s] DEBUG:colcon.colcon_core.event_reactor:joining thread
[324.904s] INFO:colcon.colcon_core.plugin_system:Skipping extension 'colcon_notification.desktop_notification.terminal_notifier': Not used on non-Darwin systems
[324.904s] INFO:colcon.colcon_core.plugin_system:Skipping extension 'colcon_notification.desktop_notification.win32': Not used on non-Windows systems
[324.905s] INFO:colcon.colcon_notification.desktop_notification:Sending desktop notification using 'notify2'
[324.970s] DEBUG:colcon.colcon_core.event_reactor:joined thread
[324.976s] INFO:colcon.colcon_core.shell:Creating prefix script '/home/dark/sources/dart/install/local_setup.ps1'
[324.978s] INFO:colcon.colcon_core.shell:Creating prefix util module '/home/dark/sources/dart/install/_local_setup_util_ps1.py'
[324.979s] INFO:colcon.colcon_core.shell:Creating prefix chain script '/home/dark/sources/dart/install/setup.ps1'
[324.986s] INFO:colcon.colcon_core.shell:Creating prefix script '/home/dark/sources/dart/install/local_setup.sh'
[324.986s] INFO:colcon.colcon_core.shell:Creating prefix util module '/home/dark/sources/dart/install/_local_setup_util_sh.py'
[324.987s] INFO:colcon.colcon_core.shell:Creating prefix chain script '/home/dark/sources/dart/install/setup.sh'
[324.992s] INFO:colcon.colcon_core.shell:Creating prefix script '/home/dark/sources/dart/install/local_setup.bash'
[324.993s] INFO:colcon.colcon_core.shell:Creating prefix chain script '/home/dark/sources/dart/install/setup.bash'
[324.997s] INFO:colcon.colcon_core.shell:Creating prefix script '/home/dark/sources/dart/install/local_setup.zsh'
[324.997s] INFO:colcon.colcon_core.shell:Creating prefix chain script '/home/dark/sources/dart/install/setup.zsh'
