[0.017s] Invoking command in '/home/dark/sources/dart/build/DART': /usr/bin/cmake --build /home/dark/sources/dart/build/DART -- -j16 -l16
[0.099s] [  1%] Built target dart-external-lodepng
[0.099s] [  3%] Built target dart-external-odelcpsolver
[0.102s] [  5%] Built target dart-external-imgui
[0.251s] [ 44%] Built target dart
[0.272s] [35m[1mScanning dependencies of target dart-collision-bullet[0m
[0.273s] [35m[1mScanning dependencies of target dart-collision-ode[0m
[0.284s] [35m[1mScanning dependencies of target dart-utils[0m
[0.301s] [ 44%] [32mBuilding CXX object dart/collision/bullet/CMakeFiles/dart-collision-bullet.dir/BulletCollisionDetector.cpp.o[0m
[0.307s] [ 44%] [32mBuilding CXX object dart/collision/ode/CMakeFiles/dart-collision-ode.dir/OdeCollisionObject.cpp.o[0m
[0.343s] [ 45%] [32mBuilding CXX object dart/utils/CMakeFiles/dart-utils.dir/mjcf/MjcfParser.cpp.o[0m
[0.343s] [ 45%] [32mBuilding CXX object dart/utils/CMakeFiles/dart-utils.dir/VskParser.cpp.o[0m
[2.542s] In file included from [01m[K/home/dark/sources/dart/dart/dynamics/HeightmapShape.hpp:190[m[K,
[2.542s]                  from [01m[K/home/dark/sources/dart/dart/collision/ode/detail/OdeHeightmap.hpp:39[m[K,
[2.542s]                  from [01m[K/home/dark/sources/dart/dart/collision/ode/OdeCollisionObject.cpp:41[m[K:
[2.542s] [01m[K/home/dark/sources/dart/dart/dynamics/detail/HeightmapShape-impl.hpp:[m[K In member function ‘[01m[KEigen::Matrix3d dart::dynamics::HeightmapShape<S_>::computeInertia(double) const[m[K’:
[2.542s] [01m[K/home/dark/sources/dart/dart/dynamics/detail/HeightmapShape-impl.hpp:195:20:[m[K [01;31m[Kerror: [m[Kincomplete type ‘[01m[Kdart::dynamics::BoxShape[m[K’ used in nested name specifier
[2.542s]   195 |   return BoxShape::[01;31m[KcomputeInertia[m[K(getBoundingBox().computeFullExtents(), mass);
[2.542s]       |                    [01;31m[K^~~~~~~~~~~~~~[m[K
[3.056s] make[2]: *** [dart/collision/ode/CMakeFiles/dart-collision-ode.dir/build.make:89: dart/collision/ode/CMakeFiles/dart-collision-ode.dir/OdeCollisionObject.cpp.o] Error 1
[3.056s] make[1]: *** [CMakeFiles/Makefile2:2488: dart/collision/ode/CMakeFiles/dart-collision-ode.dir/all] Error 2
[3.056s] make[1]: *** Waiting for unfinished jobs....
[5.047s] [ 45%] [32m[1mLinking CXX shared library ../../../lib/libdart-collision-bullet.so[0m
[5.143s] [ 47%] Built target dart-collision-bullet
[13.743s] [ 47%] [32m[1mLinking CXX shared library ../../lib/libdart-utils.so[0m
[13.901s] [ 55%] Built target dart-utils
[13.902s] make: *** [Makefile:141: all] Error 2
[13.904s] Invoked command in '/home/dark/sources/dart/build/DART' returned '2': /usr/bin/cmake --build /home/dark/sources/dart/build/DART -- -j16 -l16
