[0.371s] DEBUG:colcon:Command line arguments: ['/home/dark/.local/bin/colcon', 'build']
[0.372s] DEBUG:colcon:Parsed command line arguments: Namespace(ament_cmake_args=None, base_paths=['.'], build_base='build', catkin_cmake_args=None, catkin_skip_building_tests=False, cmake_args=None, cmake_clean_cache=False, cmake_clean_first=False, cmake_force_configure=False, cmake_target=None, cmake_target_skip_unavailable=False, continue_on_error=False, event_handlers=None, executor='parallel', ignore_user_meta=False, install_base='install', log_base=None, log_level=None, main=<bound method BuildVerb.main of <colcon_core.verb.build.BuildVerb object at 0x7f03e3177760>>, merge_install=False, metas=['./colcon.meta'], packages_above=None, packages_above_and_dependencies=None, packages_above_depth=None, packages_end=None, packages_ignore=None, packages_ignore_regex=None, packages_select=None, packages_select_build_failed=False, packages_select_by_dep=None, packages_select_regex=None, packages_select_test_failures=False, packages_skip=None, packages_skip_build_finished=False, packages_skip_by_dep=None, packages_skip_regex=None, packages_skip_test_passed=False, packages_skip_up_to=None, packages_start=None, packages_up_to=None, packages_up_to_regex=None, parallel_workers=16, paths=None, symlink_install=False, test_result_base=None, verb_extension=<colcon_core.verb.build.BuildVerb object at 0x7f03e3177760>, verb_name='build', verb_parser=<colcon_defaults.argument_parser.defaults.DefaultArgumentsDecorator object at 0x7f03e3177cd0>)
[0.383s] Level 1:colcon.colcon_core.package_discovery:discover_packages(colcon_meta) check parameters
[0.384s] Level 1:colcon.colcon_core.package_discovery:discover_packages(recursive) check parameters
[0.384s] Level 1:colcon.colcon_core.package_discovery:discover_packages(ignore) check parameters
[0.384s] Level 1:colcon.colcon_core.package_discovery:discover_packages(path) check parameters
[0.384s] Level 1:colcon.colcon_core.package_discovery:discover_packages(colcon_meta) discover
[0.384s] Level 1:colcon.colcon_core.package_discovery:discover_packages(recursive) discover
[0.384s] INFO:colcon.colcon_core.package_discovery:Crawling recursively for packages in '/home/dark/sources/dart'
[0.384s] Level 1:colcon.colcon_core.package_identification:_identify(.) by extensions ['ignore', 'ignore_ament_install']
[0.384s] Level 1:colcon.colcon_core.package_identification:_identify(.) by extension 'ignore'
[0.384s] Level 1:colcon.colcon_core.package_identification:_identify(.) by extension 'ignore_ament_install'
[0.384s] Level 1:colcon.colcon_core.package_identification:_identify(.) by extensions ['colcon_pkg']
[0.384s] Level 1:colcon.colcon_core.package_identification:_identify(.) by extension 'colcon_pkg'
[0.385s] INFO:colcon.colcon_metadata.metadata.colcon_pkg:Setting name 'DART' of package '.' from colcon.pkg
[0.385s] DEBUG:colcon.colcon_core.package_identification:Package '.' with type 'None' and name 'DART'
[0.385s] Level 1:colcon.colcon_core.package_identification:_identify(.) by extensions ['colcon_meta']
[0.385s] Level 1:colcon.colcon_core.package_identification:_identify(.) by extension 'colcon_meta'
[0.385s] Level 1:colcon.colcon_core.package_identification:_identify(.) by extensions ['ros']
[0.385s] Level 1:colcon.colcon_core.package_identification:_identify(.) by extension 'ros'
[0.403s] DEBUG:colcon.colcon_core.package_identification:Package '.' with type 'ros.cmake' and name 'DART'
[0.403s] Level 1:colcon.colcon_core.package_discovery:discover_packages(recursive) using defaults
[0.403s] Level 1:colcon.colcon_core.package_discovery:discover_packages(ignore) discover
[0.403s] Level 1:colcon.colcon_core.package_discovery:discover_packages(ignore) using defaults
[0.403s] Level 1:colcon.colcon_core.package_discovery:discover_packages(path) discover
[0.403s] Level 1:colcon.colcon_core.package_discovery:discover_packages(path) using defaults
[0.423s] INFO:colcon.colcon_metadata.metadata.colcon_pkg:Updating descriptor of package '.' from colcon.pkg: {'name': 'DART', 'dependencies': ['BULLET_PHYSICS', 'ODE']}
[0.431s] Level 5:colcon.colcon_core.verb:set package 'DART' build argument 'cmake_args' from command line to 'None'
[0.431s] Level 5:colcon.colcon_core.verb:set package 'DART' build argument 'cmake_target' from command line to 'None'
[0.431s] Level 5:colcon.colcon_core.verb:set package 'DART' build argument 'cmake_target_skip_unavailable' from command line to 'False'
[0.431s] Level 5:colcon.colcon_core.verb:set package 'DART' build argument 'cmake_clean_cache' from command line to 'False'
[0.431s] Level 5:colcon.colcon_core.verb:set package 'DART' build argument 'cmake_clean_first' from command line to 'False'
[0.431s] Level 5:colcon.colcon_core.verb:set package 'DART' build argument 'cmake_force_configure' from command line to 'False'
[0.431s] Level 5:colcon.colcon_core.verb:set package 'DART' build argument 'ament_cmake_args' from command line to 'None'
[0.431s] Level 5:colcon.colcon_core.verb:set package 'DART' build argument 'catkin_cmake_args' from command line to 'None'
[0.431s] Level 5:colcon.colcon_core.verb:set package 'DART' build argument 'catkin_skip_building_tests' from command line to 'False'
[0.431s] DEBUG:colcon.colcon_core.verb:Building package 'DART' with the following arguments: {'ament_cmake_args': None, 'build_base': '/home/dark/sources/dart/build/DART', 'catkin_cmake_args': None, 'catkin_skip_building_tests': False, 'cmake_args': None, 'cmake_clean_cache': False, 'cmake_clean_first': False, 'cmake_force_configure': False, 'cmake_target': None, 'cmake_target_skip_unavailable': False, 'install_base': '/home/dark/sources/dart/install/DART', 'merge_install': False, 'path': '/home/dark/sources/dart', 'symlink_install': False, 'test_result_base': None}
[0.432s] INFO:colcon.colcon_core.executor:Executing jobs using 'parallel' executor
[0.441s] DEBUG:colcon.colcon_parallel_executor.executor.parallel:run_until_complete
[0.441s] INFO:colcon.colcon_ros.task.cmake.build:Building ROS package in '/home/dark/sources/dart' with build type 'cmake'
[0.441s] INFO:colcon.colcon_cmake.task.cmake.build:Building CMake package in '/home/dark/sources/dart'
[0.448s] INFO:colcon.colcon_core.plugin_system:Skipping extension 'colcon_core.shell.bat': Not used on non-Windows systems
[0.448s] INFO:colcon.colcon_core.shell:Skip shell extension 'powershell' for command environment: Not usable outside of PowerShell
[0.448s] DEBUG:colcon.colcon_core.shell:Skip shell extension 'dsv' for command environment
[0.457s] DEBUG:colcon.colcon_core.event_handler.log_command:Invoking command in '/home/dark/sources/dart/build/DART': /usr/bin/cmake --build /home/dark/sources/dart/build/DART -- -j16 -l16
[235.179s] DEBUG:colcon.colcon_core.event_handler.log_command:Invoked command in '/home/dark/sources/dart/build/DART' returned '0': /usr/bin/cmake --build /home/dark/sources/dart/build/DART -- -j16 -l16
[235.371s] DEBUG:colcon.colcon_core.event_handler.log_command:Invoking command in '/home/dark/sources/dart/build/DART': /usr/bin/cmake --install /home/dark/sources/dart/build/DART
[235.453s] DEBUG:colcon.colcon_core.event_handler.log_command:Invoked command in '/home/dark/sources/dart/build/DART' returned '0': /usr/bin/cmake --install /home/dark/sources/dart/build/DART
[235.612s] Level 1:colcon.colcon_core.shell:create_environment_hook('DART', 'pkg_config_path')
[235.640s] INFO:colcon.colcon_core.shell:Creating environment hook '/home/dark/sources/dart/install/DART/share/DART/hook/pkg_config_path.ps1'
[235.657s] INFO:colcon.colcon_core.shell:Creating environment descriptor '/home/dark/sources/dart/install/DART/share/DART/hook/pkg_config_path.dsv'
[235.659s] INFO:colcon.colcon_core.shell:Creating environment hook '/home/dark/sources/dart/install/DART/share/DART/hook/pkg_config_path.sh'
[235.666s] Level 1:colcon.colcon_core.shell:create_environment_hook('DART', 'pkg_config_path_multiarch')
[235.673s] INFO:colcon.colcon_core.shell:Creating environment hook '/home/dark/sources/dart/install/DART/share/DART/hook/pkg_config_path_multiarch.ps1'
[235.674s] INFO:colcon.colcon_core.shell:Creating environment descriptor '/home/dark/sources/dart/install/DART/share/DART/hook/pkg_config_path_multiarch.dsv'
[235.674s] INFO:colcon.colcon_core.shell:Creating environment hook '/home/dark/sources/dart/install/DART/share/DART/hook/pkg_config_path_multiarch.sh'
[235.675s] Level 1:colcon.colcon_core.environment:create_environment_scripts_only(DART)
[235.700s] Level 1:colcon.colcon_core.environment:checking '/home/dark/sources/dart/install/DART' for CMake module files
[235.701s] Level 1:colcon.colcon_core.environment:checking '/home/dark/sources/dart/install/DART' for CMake config files
[235.702s] Level 1:colcon.colcon_core.shell:create_environment_hook('DART', 'cmake_prefix_path')
[235.705s] INFO:colcon.colcon_core.shell:Creating environment hook '/home/dark/sources/dart/install/DART/share/DART/hook/cmake_prefix_path.ps1'
[235.706s] INFO:colcon.colcon_core.shell:Creating environment descriptor '/home/dark/sources/dart/install/DART/share/DART/hook/cmake_prefix_path.dsv'
[235.706s] INFO:colcon.colcon_core.shell:Creating environment hook '/home/dark/sources/dart/install/DART/share/DART/hook/cmake_prefix_path.sh'
[235.709s] Level 1:colcon.colcon_core.environment:checking '/home/dark/sources/dart/install/DART/lib'
[235.709s] Level 1:colcon.colcon_core.shell:create_environment_hook('DART', 'ld_library_path_lib')
[235.712s] INFO:colcon.colcon_core.shell:Creating environment hook '/home/dark/sources/dart/install/DART/share/DART/hook/ld_library_path_lib.ps1'
[235.712s] INFO:colcon.colcon_core.shell:Creating environment descriptor '/home/dark/sources/dart/install/DART/share/DART/hook/ld_library_path_lib.dsv'
[235.713s] INFO:colcon.colcon_core.shell:Creating environment hook '/home/dark/sources/dart/install/DART/share/DART/hook/ld_library_path_lib.sh'
[235.713s] Level 1:colcon.colcon_core.environment:checking '/home/dark/sources/dart/install/DART/bin'
[235.713s] Level 1:colcon.colcon_core.environment:checking '/home/dark/sources/dart/install/DART/lib/pkgconfig/DART.pc'
[235.714s] Level 1:colcon.colcon_core.environment:checking '/home/dark/sources/dart/install/DART/lib/python3.8/site-packages'
[235.718s] INFO:colcon.colcon_core.shell:Creating package script '/home/dark/sources/dart/install/DART/share/DART/package.ps1'
[235.720s] INFO:colcon.colcon_core.shell:Creating package descriptor '/home/dark/sources/dart/install/DART/share/DART/package.dsv'
[235.721s] INFO:colcon.colcon_core.shell:Creating package script '/home/dark/sources/dart/install/DART/share/DART/package.sh'
[235.721s] INFO:colcon.colcon_core.shell:Creating package script '/home/dark/sources/dart/install/DART/share/DART/package.bash'
[235.722s] INFO:colcon.colcon_core.shell:Creating package script '/home/dark/sources/dart/install/DART/share/DART/package.zsh'
[235.724s] Level 1:colcon.colcon_core.environment:create_file_with_runtime_dependencies(/home/dark/sources/dart/install/DART/share/colcon-core/packages/DART)
[235.729s] DEBUG:colcon.colcon_parallel_executor.executor.parallel:closing loop
[235.730s] DEBUG:colcon.colcon_parallel_executor.executor.parallel:loop closed
[235.730s] DEBUG:colcon.colcon_parallel_executor.executor.parallel:run_until_complete finished with '0'
[235.730s] DEBUG:colcon.colcon_core.event_reactor:joining thread
[235.768s] INFO:colcon.colcon_core.plugin_system:Skipping extension 'colcon_notification.desktop_notification.terminal_notifier': Not used on non-Darwin systems
[235.769s] INFO:colcon.colcon_core.plugin_system:Skipping extension 'colcon_notification.desktop_notification.win32': Not used on non-Windows systems
[235.769s] INFO:colcon.colcon_notification.desktop_notification:Sending desktop notification using 'notify2'
[235.847s] DEBUG:colcon.colcon_core.event_reactor:joined thread
[235.854s] INFO:colcon.colcon_core.shell:Creating prefix script '/home/dark/sources/dart/install/local_setup.ps1'
[235.855s] INFO:colcon.colcon_core.shell:Creating prefix util module '/home/dark/sources/dart/install/_local_setup_util_ps1.py'
[235.857s] INFO:colcon.colcon_core.shell:Creating prefix chain script '/home/dark/sources/dart/install/setup.ps1'
[235.863s] INFO:colcon.colcon_core.shell:Creating prefix script '/home/dark/sources/dart/install/local_setup.sh'
[235.864s] INFO:colcon.colcon_core.shell:Creating prefix util module '/home/dark/sources/dart/install/_local_setup_util_sh.py'
[235.864s] INFO:colcon.colcon_core.shell:Creating prefix chain script '/home/dark/sources/dart/install/setup.sh'
[235.867s] INFO:colcon.colcon_core.shell:Creating prefix script '/home/dark/sources/dart/install/local_setup.bash'
[235.868s] INFO:colcon.colcon_core.shell:Creating prefix chain script '/home/dark/sources/dart/install/setup.bash'
[235.871s] INFO:colcon.colcon_core.shell:Creating prefix script '/home/dark/sources/dart/install/local_setup.zsh'
[235.871s] INFO:colcon.colcon_core.shell:Creating prefix chain script '/home/dark/sources/dart/install/setup.zsh'
